sourceCode/android/app/build/outputs/logs/manifest-merger-debug-report.txt
-- Merging decision tree log ---
manifest
ADDED from src\main\AndroidManifest.xml:1:1-27:12
INJECTED from src\main\AndroidManifest.xml:1:1-27:12
INJECTED from src\main\AndroidManifest.xml:1:1-27:12
INJECTED from src\main\AndroidManifest.xml:1:1-27:12
MERGED from src\main\AndroidManifest.xml:1:1-27:12
MERGED from [com.facebook.flipper:flipper:0.99.0] AndroidManifest.xml:8:1-18:12
MERGED from [com.facebook.flipper:flipper-network-plugin:0.99.0] AndroidManifest.xml:8:1-15:12
MERGED from [com.facebook.flipper:flipper-fresco-plugin:0.99.0] AndroidManifest.xml:8:1-15:12
MERGED from [:react-native-async-storage_async-storage] AndroidManifest.xml:2:1-9:12
MERGED from [:react-native-community_netinfo] AndroidManifest.xml:2:1-12:12
MERGED from [:react-native-fbads] AndroidManifest.xml:2:1-9:12
MERGED from [:react-native-image-picker] AndroidManifest.xml:2:1-21:12
MERGED from [:react-native-text-recognition] AndroidManifest.xml:2:1-13:12
MERGED from [com.facebook.react:react-native:0.67.3] AndroidManifest.xml:2:1-11:12
MERGED from [androidx.recyclerview:recyclerview:1.0.0] AndroidManifest.xml:17:1-22:12
MERGED from [com.facebook.android:facebook-android-sdk:6.5.1] AndroidManifest.xml:21:1-31:12
MERGED from [com.facebook.android:facebook-login:6.5.1] AndroidManifest.xml:21:1-31:12
MERGED from [com.facebook.android:facebook-gamingservices:6.5.1] AndroidManifest.xml:21:1-31:12
MERGED from [com.facebook.android:facebook-share:6.5.1] AndroidManifest.xml:21:1-31:12
MERGED from [com.facebook.android:facebook-common:6.5.1] AndroidManifest.xml:21:1-52:12
MERGED from [androidx.legacy:legacy-support-v4:1.0.0] AndroidManifest.xml:17:1-22:12
MERGED from [androidx.browser:browser:1.0.0] AndroidManifest.xml:17:1-22:12
MERGED from [androidx.legacy:legacy-support-core-ui:1.0.0] AndroidManifest.xml:17:1-22:12
MERGED from [androidx.swiperefreshlayout:swiperefreshlayout:1.0.0] AndroidManifest.xml:17:1-22:12
MERGED from [androidx.appcompat:appcompat:1.3.0] AndroidManifest.xml:17:1-24:12
MERGED from [androidx.sqlite:sqlite-framework:2.1.0] AndroidManifest.xml:17:1-24:12
MERGED from [androidx.appcompat:appcompat-resources:1.3.0] AndroidManifest.xml:17:1-24:12
MERGED from [androidx.vectordrawable:vectordrawable-animated:1.1.0] AndroidManifest.xml:17:1-24:12
MERGED from [androidx.interpolator:interpolator:1.0.0] AndroidManifest.xml:17:1-22:12
MERGED from [com.google.android.gms:play-services-mlkit-text-recognition:16.3.0] AndroidManifest.xml:2:1-18:12
MERGED from [com.google.mlkit:vision-common:16.5.0] AndroidManifest.xml:2:1-18:12
MERGED from [androidx.exifinterface:exifinterface:1.3.1] AndroidManifest.xml:17:1-24:12
MERGED from [androidx.autofill:autofill:1.1.0] AndroidManifest.xml:17:1-24:12
MERGED from [com.facebook.android:audience-network-sdk:6.8.0] AndroidManifest.xml:2:1-31:12
MERGED from [com.google.mlkit:common:17.1.1] AndroidManifest.xml:2:1-26:12
MERGED from [com.google.android.gms:play-services-clearcut:17.0.0] AndroidManifest.xml:17:1-24:12
MERGED from [com.google.android.gms:play-services-phenotype:17.0.0] AndroidManifest.xml:17:1-24:12
MERGED from [com.google.android.gms:play-services-base:17.6.0] AndroidManifest.xml:17:1-29:12
MERGED from [com.google.android.gms:play-services-tasks:17.2.1] AndroidManifest.xml:2:1-9:12
MERGED from [com.google.android.gms:play-services-basement:17.6.0] AndroidManifest.xml:17:1-28:12
MERGED from [androidx.fragment:fragment:1.3.4] AndroidManifest.xml:17:1-24:12
MERGED from [androidx.activity:activity:1.2.3] AndroidManifest.xml:17:1-24:12
MERGED from [androidx.drawerlayout:drawerlayout:1.0.0] AndroidManifest.xml:17:1-22:12
MERGED from [androidx.viewpager:viewpager:1.0.0] AndroidManifest.xml:17:1-22:12
MERGED from [com.facebook.android:facebook-places:6.5.1] AndroidManifest.xml:21:1-31:12
MERGED from [com.facebook.android:facebook-applinks:6.5.1] AndroidManifest.xml:21:1-31:12
MERGED from [com.facebook.android:facebook-messenger:6.5.1] AndroidManifest.xml:21:1-31:12
MERGED from [com.facebook.android:facebook-marketing:6.5.1] AndroidManifest.xml:21:1-35:12
MERGED from [com.facebook.android:facebook-core:6.5.1] AndroidManifest.xml:21:1-53:12
MERGED from [androidx.legacy:legacy-support-core-utils:1.0.0] AndroidManifest.xml:17:1-22:12
MERGED from [androidx.loader:loader:1.0.0] AndroidManifest.xml:17:1-22:12
MERGED from [androidx.vectordrawable:vectordrawable:1.1.0] AndroidManifest.xml:17:1-24:12
MERGED from [androidx.coordinatorlayout:coordinatorlayout:1.0.0] AndroidManifest.xml:17:1-22:12
MERGED from [androidx.slidingpanelayout:slidingpanelayout:1.0.0] AndroidManifest.xml:17:1-22:12
MERGED from [androidx.customview:customview:1.0.0] AndroidManifest.xml:17:1-22:12
MERGED from [androidx.asynclayoutinflater:asynclayoutinflater:1.0.0] AndroidManifest.xml:17:1-22:12
MERGED from [androidx.media:media:1.0.0] AndroidManifest.xml:17:1-22:12
MERGED from [androidx.core:core:1.5.0] AndroidManifest.xml:17:1-26:12
MERGED from [androidx.cursoradapter:cursoradapter:1.0.0] AndroidManifest.xml:17:1-22:12
MERGED from [androidx.lifecycle:lifecycle-viewmodel-savedstate:2.3.1] AndroidManifest.xml:17:1-24:12
MERGED from [androidx.savedstate:savedstate:1.1.0] AndroidManifest.xml:17:1-24:12
MERGED from [androidx.lifecycle:lifecycle-runtime:2.3.1] AndroidManifest.xml:17:1-24:12
MERGED from [androidx.lifecycle:lifecycle-viewmodel:2.3.1] AndroidManifest.xml:17:1-24:12
MERGED from [androidx.sqlite:sqlite:2.1.0] AndroidManifest.xml:17:1-24:12
MERGED from [com.google.android.datatransport:transport-backend-cct:2.3.3] AndroidManifest.xml:15:1-38:12
MERGED from [com.google.android.datatransport:transport-runtime:2.2.6] AndroidManifest.xml:15:1-41:12
MERGED from [com.google.android.datatransport:transport-api:2.2.1] AndroidManifest.xml:15:1-22:12
MERGED from [com.google.firebase:firebase-components:16.1.0] AndroidManifest.xml:15:1-23:12
MERGED from [com.google.firebase:firebase-encoders-json:17.1.0] AndroidManifest.xml:15:1-23:12
MERGED from [androidx.versionedparcelable:versionedparcelable:1.1.1] AndroidManifest.xml:17:1-27:12
MERGED from [androidx.tracing:tracing:1.0.0] AndroidManifest.xml:17:1-24:12
MERGED from [androidx.lifecycle:lifecycle-livedata:2.0.0] AndroidManifest.xml:17:1-22:12
MERGED from [androidx.lifecycle:lifecycle-livedata-core:2.3.1] AndroidManifest.xml:17:1-24:12
MERGED from [androidx.arch.core:core-runtime:2.1.0] AndroidManifest.xml:17:1-24:12
MERGED from [androidx.cardview:cardview:1.0.0] AndroidManifest.xml:17:1-22:12
MERGED from [androidx.documentfile:documentfile:1.0.0] AndroidManifest.xml:17:1-22:12
MERGED from [androidx.localbroadcastmanager:localbroadcastmanager:1.0.0] AndroidManifest.xml:17:1-22:12
MERGED from [androidx.print:print:1.0.0] AndroidManifest.xml:17:1-22:12
MERGED from [org.webkit:android-jsc:r250230] AndroidManifest.xml:2:1-11:12
MERGED from [com.facebook.fresco:flipper:2.5.0] AndroidManifest.xml:2:1-9:12
MERGED from [com.facebook.fresco:stetho:2.5.0] AndroidManifest.xml:2:1-9:12
MERGED from [com.facebook.fresco:fresco:2.5.0] AndroidManifest.xml:2:1-9:12
MERGED from [com.facebook.fresco:soloader:2.5.0] AndroidManifest.xml:2:1-9:12
MERGED from [com.facebook.fresco:imagepipeline-okhttp3:2.5.0] AndroidManifest.xml:2:1-9:12
MERGED from [com.facebook.fresco:drawee:2.5.0] AndroidManifest.xml:2:1-9:12
MERGED from [com.facebook.fresco:nativeimagefilters:2.5.0] AndroidManifest.xml:2:1-9:12
MERGED from [com.facebook.fresco:memory-type-native:2.5.0] AndroidManifest.xml:2:1-9:12
MERGED from [com.facebook.fresco:memory-type-java:2.5.0] AndroidManifest.xml:2:1-9:12
MERGED from [com.facebook.fresco:imagepipeline-native:2.5.0] AndroidManifest.xml:2:1-9:12
MERGED from [com.facebook.soloader:soloader:0.10.1] AndroidManifest.xml:2:1-13:12
MERGED from [com.facebook.fresco:memory-type-ashmem:2.5.0] AndroidManifest.xml:2:1-9:12
MERGED from [com.facebook.fresco:imagepipeline:2.5.0] AndroidManifest.xml:2:1-9:12
MERGED from [com.facebook.fresco:nativeimagetranscoder:2.5.0] AndroidManifest.xml:2:1-9:12
MERGED from [com.facebook.fresco:imagepipeline-base:2.5.0] AndroidManifest.xml:2:1-9:12
MERGED from [com.facebook.fresco:middleware:2.5.0] AndroidManifest.xml:2:1-9:12
MERGED from [com.facebook.fresco:ui-common:2.5.0] AndroidManifest.xml:2:1-9:12
MERGED from [com.facebook.fresco:fbcore:2.5.0] AndroidManifest.xml:2:1-9:12
MERGED from [com.google.android.odml:image:1.0.0-beta1] AndroidManifest.xml:2:1-9:12
MERGED from [androidx.annotation:annotation-experimental:1.0.0] AndroidManifest.xml:17:1-24:12
MERGED from [com.android.installreferrer:installreferrer:1.0] AndroidManifest.xml:2:1-13:12
INJECTED from src\debug\AndroidManifest.xml:2:1-13:12
INJECTED from src\debug\AndroidManifest.xml:2:1-13:12
INJECTED from src\debug\AndroidManifest.xml:2:1-13:12
	package
		ADDED from src\main\AndroidManifest.xml:2:3-25
		INJECTED from src\main\AndroidManifest.xml
		ADDED from src\main\AndroidManifest.xml:2:3-25
		INJECTED from src\debug\AndroidManifest.xml
	android:versionName
		INJECTED from src\main\AndroidManifest.xml
		ADDED from src\main\AndroidManifest.xml:1:1-27:12
		INJECTED from src\debug\AndroidManifest.xml
	xmlns:tools
		ADDED from src\debug\AndroidManifest.xml:3:5-51
	android:versionCode
		INJECTED from src\main\AndroidManifest.xml
		ADDED from src\main\AndroidManifest.xml:1:1-27:12
		INJECTED from src\debug\AndroidManifest.xml
	xmlns:android
		ADDED from src\main\AndroidManifest.xml:1:11-69
uses-permission#android.permission.INTERNET
ADDED from src\main\AndroidManifest.xml:4:5-67
MERGED from [com.facebook.flipper:flipper:0.99.0] AndroidManifest.xml:15:5-67
MERGED from [com.facebook.flipper:flipper:0.99.0] AndroidManifest.xml:15:5-67
MERGED from [com.facebook.android:audience-network-sdk:6.8.0] AndroidManifest.xml:15:5-67
MERGED from [com.facebook.android:audience-network-sdk:6.8.0] AndroidManifest.xml:15:5-67
MERGED from [com.google.android.datatransport:transport-backend-cct:2.3.3] AndroidManifest.xml:26:5-67
MERGED from [com.google.android.datatransport:transport-backend-cct:2.3.3] AndroidManifest.xml:26:5-67
	android:name
		ADDED from src\main\AndroidManifest.xml:4:22-64
application
ADDED from src\main\AndroidManifest.xml:5:5-26:19
MERGED from src\main\AndroidManifest.xml:5:5-26:19
MERGED from src\main\AndroidManifest.xml:5:5-26:19
MERGED from [:react-native-image-picker] AndroidManifest.xml:9:5-19:19
MERGED from [:react-native-image-picker] AndroidManifest.xml:9:5-19:19
MERGED from [com.facebook.react:react-native:0.67.3] AndroidManifest.xml:9:5-20
MERGED from [com.facebook.react:react-native:0.67.3] AndroidManifest.xml:9:5-20
MERGED from [com.facebook.android:facebook-android-sdk:6.5.1] AndroidManifest.xml:28:5-29:19
MERGED from [com.facebook.android:facebook-android-sdk:6.5.1] AndroidManifest.xml:28:5-29:19
MERGED from [com.facebook.android:facebook-login:6.5.1] AndroidManifest.xml:28:5-29:19
MERGED from [com.facebook.android:facebook-login:6.5.1] AndroidManifest.xml:28:5-29:19
MERGED from [com.facebook.android:facebook-gamingservices:6.5.1] AndroidManifest.xml:28:5-29:19
MERGED from [com.facebook.android:facebook-gamingservices:6.5.1] AndroidManifest.xml:28:5-29:19
MERGED from [com.facebook.android:facebook-share:6.5.1] AndroidManifest.xml:28:5-29:19
MERGED from [com.facebook.android:facebook-share:6.5.1] AndroidManifest.xml:28:5-29:19
MERGED from [com.facebook.android:facebook-common:6.5.1] AndroidManifest.xml:29:5-50:19
MERGED from [com.facebook.android:facebook-common:6.5.1] AndroidManifest.xml:29:5-50:19
MERGED from [com.google.android.gms:play-services-mlkit-text-recognition:16.3.0] AndroidManifest.xml:8:5-16:19
MERGED from [com.google.android.gms:play-services-mlkit-text-recognition:16.3.0] AndroidManifest.xml:8:5-16:19
MERGED from [com.google.mlkit:vision-common:16.5.0] AndroidManifest.xml:8:5-16:19
MERGED from [com.google.mlkit:vision-common:16.5.0] AndroidManifest.xml:8:5-16:19
MERGED from [com.facebook.android:audience-network-sdk:6.8.0] AndroidManifest.xml:18:5-29:19
MERGED from [com.facebook.android:audience-network-sdk:6.8.0] AndroidManifest.xml:18:5-29:19
MERGED from [com.google.mlkit:common:17.1.1] AndroidManifest.xml:8:5-24:19
MERGED from [com.google.mlkit:common:17.1.1] AndroidManifest.xml:8:5-24:19
MERGED from [com.google.android.gms:play-services-clearcut:17.0.0] AndroidManifest.xml:22:5-20
MERGED from [com.google.android.gms:play-services-clearcut:17.0.0] AndroidManifest.xml:22:5-20
MERGED from [com.google.android.gms:play-services-phenotype:17.0.0] AndroidManifest.xml:22:5-20
MERGED from [com.google.android.gms:play-services-phenotype:17.0.0] AndroidManifest.xml:22:5-20
MERGED from [com.google.android.gms:play-services-base:17.6.0] AndroidManifest.xml:22:5-27:19
MERGED from [com.google.android.gms:play-services-base:17.6.0] AndroidManifest.xml:22:5-27:19
MERGED from [com.google.android.gms:play-services-tasks:17.2.1] AndroidManifest.xml:7:5-20
MERGED from [com.google.android.gms:play-services-tasks:17.2.1] AndroidManifest.xml:7:5-20
MERGED from [com.google.android.gms:play-services-basement:17.6.0] AndroidManifest.xml:22:5-26:19
MERGED from [com.google.android.gms:play-services-basement:17.6.0] AndroidManifest.xml:22:5-26:19
MERGED from [com.facebook.android:facebook-places:6.5.1] AndroidManifest.xml:28:5-29:19
MERGED from [com.facebook.android:facebook-places:6.5.1] AndroidManifest.xml:28:5-29:19
MERGED from [com.facebook.android:facebook-applinks:6.5.1] AndroidManifest.xml:28:5-29:19
MERGED from [com.facebook.android:facebook-applinks:6.5.1] AndroidManifest.xml:28:5-29:19
MERGED from [com.facebook.android:facebook-messenger:6.5.1] AndroidManifest.xml:28:5-29:19
MERGED from [com.facebook.android:facebook-messenger:6.5.1] AndroidManifest.xml:28:5-29:19
MERGED from [com.facebook.android:facebook-marketing:6.5.1] AndroidManifest.xml:28:5-33:19
MERGED from [com.facebook.android:facebook-marketing:6.5.1] AndroidManifest.xml:28:5-33:19
MERGED from [com.facebook.android:facebook-core:6.5.1] AndroidManifest.xml:28:5-51:19
MERGED from [com.facebook.android:facebook-core:6.5.1] AndroidManifest.xml:28:5-51:19
MERGED from [androidx.core:core:1.5.0] AndroidManifest.xml:24:5-89
MERGED from [androidx.core:core:1.5.0] AndroidManifest.xml:24:5-89
MERGED from [com.google.android.datatransport:transport-backend-cct:2.3.3] AndroidManifest.xml:28:5-36:19
MERGED from [com.google.android.datatransport:transport-backend-cct:2.3.3] AndroidManifest.xml:28:5-36:19
MERGED from [com.google.android.datatransport:transport-runtime:2.2.6] AndroidManifest.xml:25:5-39:19
MERGED from [com.google.android.datatransport:transport-runtime:2.2.6] AndroidManifest.xml:25:5-39:19
MERGED from [androidx.versionedparcelable:versionedparcelable:1.1.1] AndroidManifest.xml:24:5-25:19
MERGED from [androidx.versionedparcelable:versionedparcelable:1.1.1] AndroidManifest.xml:24:5-25:19
MERGED from [com.facebook.soloader:soloader:0.10.1] AndroidManifest.xml:11:5-20
MERGED from [com.facebook.soloader:soloader:0.10.1] AndroidManifest.xml:11:5-20
MERGED from [com.google.android.odml:image:1.0.0-beta1] AndroidManifest.xml:7:5-20
MERGED from [com.google.android.odml:image:1.0.0-beta1] AndroidManifest.xml:7:5-20
MERGED from [com.android.installreferrer:installreferrer:1.0] AndroidManifest.xml:11:5-20
MERGED from [com.android.installreferrer:installreferrer:1.0] AndroidManifest.xml:11:5-20
	android:appComponentFactory
		ADDED from [androidx.core:core:1.5.0] AndroidManifest.xml:24:18-86
	android:supportsRtl
		ADDED from [com.facebook.android:facebook-android-sdk:6.5.1] AndroidManifest.xml:28:18-44
	android:label
		ADDED from src\main\AndroidManifest.xml:7:7-39
		ADDED from src\main\AndroidManifest.xml:7:7-39
	tools:ignore
		ADDED from src\debug\AndroidManifest.xml:10:9-48
	android:roundIcon
		ADDED from src\main\AndroidManifest.xml:9:7-46
		ADDED from src\main\AndroidManifest.xml:9:7-46
	tools:targetApi
		ADDED from src\debug\AndroidManifest.xml:9:9-29
	android:icon
		ADDED from src\main\AndroidManifest.xml:8:7-41
		ADDED from src\main\AndroidManifest.xml:8:7-41
	android:allowBackup
		ADDED from src\main\AndroidManifest.xml:10:7-34
		ADDED from src\main\AndroidManifest.xml:10:7-34
	android:theme
		ADDED from src\main\AndroidManifest.xml:11:7-38
		ADDED from src\main\AndroidManifest.xml:11:7-38
	android:usesCleartextTraffic
		ADDED from src\debug\AndroidManifest.xml:8:9-44
	android:name
		ADDED from src\main\AndroidManifest.xml:6:7-38
		ADDED from src\main\AndroidManifest.xml:6:7-38
activity#com.project1.MainActivity
ADDED from src\main\AndroidManifest.xml:12:7-22:18
	android:label
		ADDED from src\main\AndroidManifest.xml:14:9-41
	android:launchMode
		ADDED from src\main\AndroidManifest.xml:16:9-40
	android:windowSoftInputMode
		ADDED from src\main\AndroidManifest.xml:17:9-48
	android:configChanges
		ADDED from src\main\AndroidManifest.xml:15:9-86
	android:name
		ADDED from src\main\AndroidManifest.xml:13:9-37
intent-filter#action:name:android.intent.action.MAIN+category:name:android.intent.category.LAUNCHER
ADDED from src\main\AndroidManifest.xml:18:9-21:25
action#android.intent.action.MAIN
ADDED from src\main\AndroidManifest.xml:19:13-65
	android:name
		ADDED from src\main\AndroidManifest.xml:19:21-62
category#android.intent.category.LAUNCHER
ADDED from src\main\AndroidManifest.xml:20:13-73
	android:name
		ADDED from src\main\AndroidManifest.xml:20:23-70
activity#com.facebook.ads.InterstitialAdActivity
ADDED from src\main\AndroidManifest.xml:23:7-25:56
	android:configChanges
		ADDED from src\main\AndroidManifest.xml:25:3-53
	android:name
		ADDED from src\main\AndroidManifest.xml:24:3-57
uses-sdk
INJECTED from src\main\AndroidManifest.xml reason: use-sdk injection requested
INJECTED from src\main\AndroidManifest.xml
INJECTED from src\main\AndroidManifest.xml
MERGED from [com.facebook.flipper:flipper:0.99.0] AndroidManifest.xml:11:5-13:41
MERGED from [com.facebook.flipper:flipper:0.99.0] AndroidManifest.xml:11:5-13:41
MERGED from [com.facebook.flipper:flipper-network-plugin:0.99.0] AndroidManifest.xml:11:5-13:41
MERGED from [com.facebook.flipper:flipper-network-plugin:0.99.0] AndroidManifest.xml:11:5-13:41
MERGED from [com.facebook.flipper:flipper-fresco-plugin:0.99.0] AndroidManifest.xml:11:5-13:41
MERGED from [com.facebook.flipper:flipper-fresco-plugin:0.99.0] AndroidManifest.xml:11:5-13:41
MERGED from [:react-native-async-storage_async-storage] AndroidManifest.xml:5:5-7:41
MERGED from [:react-native-async-storage_async-storage] AndroidManifest.xml:5:5-7:41
MERGED from [:react-native-community_netinfo] AndroidManifest.xml:5:5-7:41
MERGED from [:react-native-community_netinfo] AndroidManifest.xml:5:5-7:41
MERGED from [:react-native-fbads] AndroidManifest.xml:5:5-7:41
MERGED from [:react-native-fbads] AndroidManifest.xml:5:5-7:41
MERGED from [:react-native-image-picker] AndroidManifest.xml:5:5-7:41
MERGED from [:react-native-image-picker] AndroidManifest.xml:5:5-7:41
MERGED from [:react-native-text-recognition] AndroidManifest.xml:5:5-7:41
MERGED from [:react-native-text-recognition] AndroidManifest.xml:5:5-7:41
MERGED from [com.facebook.react:react-native:0.67.3] AndroidManifest.xml:5:5-7:41
MERGED from [com.facebook.react:react-native:0.67.3] AndroidManifest.xml:5:5-7:41
MERGED from [androidx.recyclerview:recyclerview:1.0.0] AndroidManifest.xml:20:5-44
MERGED from [androidx.recyclerview:recyclerview:1.0.0] AndroidManifest.xml:20:5-44
MERGED from [com.facebook.android:facebook-android-sdk:6.5.1] AndroidManifest.xml:24:5-26:41
MERGED from [com.facebook.android:facebook-android-sdk:6.5.1] AndroidManifest.xml:24:5-26:41
MERGED from [com.facebook.android:facebook-login:6.5.1] AndroidManifest.xml:24:5-26:41
MERGED from [com.facebook.android:facebook-login:6.5.1] AndroidManifest.xml:24:5-26:41
MERGED from [com.facebook.android:facebook-gamingservices:6.5.1] AndroidManifest.xml:24:5-26:41
MERGED from [com.facebook.android:facebook-gamingservices:6.5.1] AndroidManifest.xml:24:5-26:41
MERGED from [com.facebook.android:facebook-share:6.5.1] AndroidManifest.xml:24:5-26:41
MERGED from [com.facebook.android:facebook-share:6.5.1] AndroidManifest.xml:24:5-26:41
MERGED from [com.facebook.android:facebook-common:6.5.1] AndroidManifest.xml:25:5-27:41
MERGED from [com.facebook.android:facebook-common:6.5.1] AndroidManifest.xml:25:5-27:41
MERGED from [androidx.legacy:legacy-support-v4:1.0.0] AndroidManifest.xml:20:5-44
MERGED from [androidx.legacy:legacy-support-v4:1.0.0] AndroidManifest.xml:20:5-44
MERGED from [androidx.browser:browser:1.0.0] AndroidManifest.xml:20:5-44
MERGED from [androidx.browser:browser:1.0.0] AndroidManifest.xml:20:5-44
MERGED from [androidx.legacy:legacy-support-core-ui:1.0.0] AndroidManifest.xml:20:5-44
MERGED from [androidx.legacy:legacy-support-core-ui:1.0.0] AndroidManifest.xml:20:5-44
MERGED from [androidx.swiperefreshlayout:swiperefreshlayout:1.0.0] AndroidManifest.xml:20:5-44
MERGED from [androidx.swiperefreshlayout:swiperefreshlayout:1.0.0] AndroidManifest.xml:20:5-44
MERGED from [androidx.appcompat:appcompat:1.3.0] AndroidManifest.xml:20:5-22:41
MERGED from [androidx.appcompat:appcompat:1.3.0] AndroidManifest.xml:20:5-22:41
MERGED from [androidx.sqlite:sqlite-framework:2.1.0] AndroidManifest.xml:20:5-22:41
MERGED from [androidx.sqlite:sqlite-framework:2.1.0] AndroidManifest.xml:20:5-22:41
MERGED from [androidx.appcompat:appcompat-resources:1.3.0] AndroidManifest.xml:20:5-22:41
MERGED from [androidx.appcompat:appcompat-resources:1.3.0] AndroidManifest.xml:20:5-22:41
MERGED from [androidx.vectordrawable:vectordrawable-animated:1.1.0] AndroidManifest.xml:20:5-22:41
MERGED from [androidx.vectordrawable:vectordrawable-animated:1.1.0] AndroidManifest.xml:20:5-22:41
MERGED from [androidx.interpolator:interpolator:1.0.0] AndroidManifest.xml:20:5-44
MERGED from [androidx.interpolator:interpolator:1.0.0] AndroidManifest.xml:20:5-44
MERGED from [com.google.android.gms:play-services-mlkit-text-recognition:16.3.0] AndroidManifest.xml:6:5-44
MERGED from [com.google.android.gms:play-services-mlkit-text-recognition:16.3.0] AndroidManifest.xml:6:5-44
MERGED from [com.google.mlkit:vision-common:16.5.0] AndroidManifest.xml:6:5-44
MERGED from [com.google.mlkit:vision-common:16.5.0] AndroidManifest.xml:6:5-44
MERGED from [androidx.exifinterface:exifinterface:1.3.1] AndroidManifest.xml:20:5-22:41
MERGED from [androidx.exifinterface:exifinterface:1.3.1] AndroidManifest.xml:20:5-22:41
MERGED from [androidx.autofill:autofill:1.1.0] AndroidManifest.xml:20:5-22:41
MERGED from [androidx.autofill:autofill:1.1.0] AndroidManifest.xml:20:5-22:41
MERGED from [com.facebook.android:audience-network-sdk:6.8.0] AndroidManifest.xml:7:5-9:41
MERGED from [com.facebook.android:audience-network-sdk:6.8.0] AndroidManifest.xml:7:5-9:41
MERGED from [com.google.mlkit:common:17.1.1] AndroidManifest.xml:6:5-44
MERGED from [com.google.mlkit:common:17.1.1] AndroidManifest.xml:6:5-44
MERGED from [com.google.android.gms:play-services-clearcut:17.0.0] AndroidManifest.xml:20:5-44
MERGED from [com.google.android.gms:play-services-clearcut:17.0.0] AndroidManifest.xml:20:5-44
MERGED from [com.google.android.gms:play-services-phenotype:17.0.0] AndroidManifest.xml:20:5-44
MERGED from [com.google.android.gms:play-services-phenotype:17.0.0] AndroidManifest.xml:20:5-44
MERGED from [com.google.android.gms:play-services-base:17.6.0] AndroidManifest.xml:20:5-44
MERGED from [com.google.android.gms:play-services-base:17.6.0] AndroidManifest.xml:20:5-44
MERGED from [com.google.android.gms:play-services-tasks:17.2.1] AndroidManifest.xml:5:5-44
MERGED from [com.google.android.gms:play-services-tasks:17.2.1] AndroidManifest.xml:5:5-44
MERGED from [com.google.android.gms:play-services-basement:17.6.0] AndroidManifest.xml:20:5-44
MERGED from [com.google.android.gms:play-services-basement:17.6.0] AndroidManifest.xml:20:5-44
MERGED from [androidx.fragment:fragment:1.3.4] AndroidManifest.xml:20:5-22:41
MERGED from [androidx.fragment:fragment:1.3.4] AndroidManifest.xml:20:5-22:41
MERGED from [androidx.activity:activity:1.2.3] AndroidManifest.xml:20:5-22:41
MERGED from [androidx.activity:activity:1.2.3] AndroidManifest.xml:20:5-22:41
MERGED from [androidx.drawerlayout:drawerlayout:1.0.0] AndroidManifest.xml:20:5-44
MERGED from [androidx.drawerlayout:drawerlayout:1.0.0] AndroidManifest.xml:20:5-44
MERGED from [androidx.viewpager:viewpager:1.0.0] AndroidManifest.xml:20:5-44
MERGED from [androidx.viewpager:viewpager:1.0.0] AndroidManifest.xml:20:5-44
MERGED from [com.facebook.android:facebook-places:6.5.1] AndroidManifest.xml:24:5-26:41
MERGED from [com.facebook.android:facebook-places:6.5.1] AndroidManifest.xml:24:5-26:41
MERGED from [com.facebook.android:facebook-applinks:6.5.1] AndroidManifest.xml:24:5-26:41
MERGED from [com.facebook.android:facebook-applinks:6.5.1] AndroidManifest.xml:24:5-26:41
MERGED from [com.facebook.android:facebook-messenger:6.5.1] AndroidManifest.xml:24:5-26:41
MERGED from [com.facebook.android:facebook-messenger:6.5.1] AndroidManifest.xml:24:5-26:41
MERGED from [com.facebook.android:facebook-marketing:6.5.1] AndroidManifest.xml:24:5-26:41
MERGED from [com.facebook.android:facebook-marketing:6.5.1] AndroidManifest.xml:24:5-26:41
MERGED from [com.facebook.android:facebook-core:6.5.1] AndroidManifest.xml:24:5-26:41
MERGED from [com.facebook.android:facebook-core:6.5.1] AndroidManifest.xml:24:5-26:41
MERGED from [androidx.legacy:legacy-support-core-utils:1.0.0] AndroidManifest.xml:20:5-44
MERGED from [androidx.legacy:legacy-support-core-utils:1.0.0] AndroidManifest.xml:20:5-44
MERGED from [androidx.loader:loader:1.0.0] AndroidManifest.xml:20:5-44
MERGED from [androidx.loader:loader:1.0.0] AndroidManifest.xml:20:5-44
MERGED from [androidx.vectordrawable:vectordrawable:1.1.0] AndroidManifest.xml:20:5-22:41
MERGED from [androidx.vectordrawable:vectordrawable:1.1.0] AndroidManifest.xml:20:5-22:41
MERGED from [androidx.coordinatorlayout:coordinatorlayout:1.0.0] AndroidManifest.xml:20:5-44
MERGED from [androidx.coordinatorlayout:coordinatorlayout:1.0.0] AndroidManifest.xml:20:5-44
MERGED from [androidx.slidingpanelayout:slidingpanelayout:1.0.0] AndroidManifest.xml:20:5-44
MERGED from [androidx.slidingpanelayout:slidingpanelayout:1.0.0] AndroidManifest.xml:20:5-44
MERGED from [androidx.customview:customview:1.0.0] AndroidManifest.xml:20:5-44
MERGED from [androidx.customview:customview:1.0.0] AndroidManifest.xml:20:5-44
MERGED from [androidx.asynclayoutinflater:asynclayoutinflater:1.0.0] AndroidManifest.xml:20:5-44
MERGED from [androidx.asynclayoutinflater:asynclayoutinflater:1.0.0] AndroidManifest.xml:20:5-44
MERGED from [androidx.media:media:1.0.0] AndroidManifest.xml:20:5-44
MERGED from [androidx.media:media:1.0.0] AndroidManifest.xml:20:5-44
MERGED from [androidx.core:core:1.5.0] AndroidManifest.xml:20:5-22:41
MERGED from [androidx.core:core:1.5.0] AndroidManifest.xml:20:5-22:41
MERGED from [androidx.cursoradapter:cursoradapter:1.0.0] AndroidManifest.xml:20:5-44
MERGED from [androidx.cursoradapter:cursoradapter:1.0.0] AndroidManifest.xml:20:5-44
MERGED from [androidx.lifecycle:lifecycle-viewmodel-savedstate:2.3.1] AndroidManifest.xml:20:5-22:41
MERGED from [androidx.lifecycle:lifecycle-viewmodel-savedstate:2.3.1] AndroidManifest.xml:20:5-22:41
MERGED from [androidx.savedstate:savedstate:1.1.0] AndroidManifest.xml:20:5-22:41
MERGED from [androidx.savedstate:savedstate:1.1.0] AndroidManifest.xml:20:5-22:41
MERGED from [androidx.lifecycle:lifecycle-runtime:2.3.1] AndroidManifest.xml:20:5-22:41
MERGED from [androidx.lifecycle:lifecycle-runtime:2.3.1] AndroidManifest.xml:20:5-22:41
MERGED from [androidx.lifecycle:lifecycle-viewmodel:2.3.1] AndroidManifest.xml:20:5-22:41
MERGED from [androidx.lifecycle:lifecycle-viewmodel:2.3.1] AndroidManifest.xml:20:5-22:41
MERGED from [androidx.sqlite:sqlite:2.1.0] AndroidManifest.xml:20:5-22:41
MERGED from [androidx.sqlite:sqlite:2.1.0] AndroidManifest.xml:20:5-22:41
MERGED from [com.google.android.datatransport:transport-backend-cct:2.3.3] AndroidManifest.xml:19:5-21:41
MERGED from [com.google.android.datatransport:transport-backend-cct:2.3.3] AndroidManifest.xml:19:5-21:41
MERGED from [com.google.android.datatransport:transport-runtime:2.2.6] AndroidManifest.xml:18:5-20:41
MERGED from [com.google.android.datatransport:transport-runtime:2.2.6] AndroidManifest.xml:18:5-20:41
MERGED from [com.google.android.datatransport:transport-api:2.2.1] AndroidManifest.xml:18:5-20:41
MERGED from [com.google.android.datatransport:transport-api:2.2.1] AndroidManifest.xml:18:5-20:41
MERGED from [com.google.firebase:firebase-components:16.1.0] AndroidManifest.xml:19:5-21:41
MERGED from [com.google.firebase:firebase-components:16.1.0] AndroidManifest.xml:19:5-21:41
MERGED from [com.google.firebase:firebase-encoders-json:17.1.0] AndroidManifest.xml:19:5-21:41
MERGED from [com.google.firebase:firebase-encoders-json:17.1.0] AndroidManifest.xml:19:5-21:41
MERGED from [androidx.versionedparcelable:versionedparcelable:1.1.1] AndroidManifest.xml:20:5-22:41
MERGED from [androidx.versionedparcelable:versionedparcelable:1.1.1] AndroidManifest.xml:20:5-22:41
MERGED from [androidx.tracing:tracing:1.0.0] AndroidManifest.xml:20:5-22:41
MERGED from [androidx.tracing:tracing:1.0.0] AndroidManifest.xml:20:5-22:41
MERGED from [androidx.lifecycle:lifecycle-livedata:2.0.0] AndroidManifest.xml:20:5-44
MERGED from [androidx.lifecycle:lifecycle-livedata:2.0.0] AndroidManifest.xml:20:5-44
MERGED from [androidx.lifecycle:lifecycle-livedata-core:2.3.1] AndroidManifest.xml:20:5-22:41
MERGED from [androidx.lifecycle:lifecycle-livedata-core:2.3.1] AndroidManifest.xml:20:5-22:41
MERGED from [androidx.arch.core:core-runtime:2.1.0] AndroidManifest.xml:20:5-22:41
MERGED from [androidx.arch.core:core-runtime:2.1.0] AndroidManifest.xml:20:5-22:41
MERGED from [androidx.cardview:cardview:1.0.0] AndroidManifest.xml:20:5-44
MERGED from [androidx.cardview:cardview:1.0.0] AndroidManifest.xml:20:5-44
MERGED from [androidx.documentfile:documentfile:1.0.0] AndroidManifest.xml:20:5-44
MERGED from [androidx.documentfile:documentfile:1.0.0] AndroidManifest.xml:20:5-44